2025-01-08T17:32:55.922Z [INFO]: Server is running on http://localhost:3000
2025-01-08T17:32:57.345Z [INFO]: New client connected: FQqN5xKQMnMxWZEqAAAB
2025-01-08T17:33:00.285Z [INFO]: New client connected: eHdQQ4BKsYb8dHydAAAD
2025-01-08T17:33:02.818Z [INFO]: Client disconnected: FQqN5xKQMnMxWZEqAAAB
2025-01-08T17:35:45.853Z [INFO]: Server is running on http://localhost:3000
2025-01-08T18:47:22.764Z [INFO]: Server is running on http://localhost:3000
2025-01-08T18:50:40.277Z [INFO]: Server is running on http://localhost:3000
2025-01-08T18:53:43.846Z [INFO]: Server is running on http://localhost:3000
2025-01-08T18:54:29.241Z [INFO]: Server is running on http://localhost:3000
2025-01-08T18:54:57.517Z [INFO]: Server is running on http://localhost:3000
2025-01-08T18:54:59.215Z [INFO]: Server is running on http://localhost:3000
2025-01-08T18:55:02.064Z [INFO]: Server is running on http://localhost:3000
2025-01-08T18:56:05.573Z [INFO]: Server is running on http://localhost:3000
2025-01-08T18:58:43.612Z [INFO]: Server is running on http://localhost:3000
2025-01-08T18:59:00.161Z [INFO]: Server is running on http://localhost:3009
2025-01-08T18:59:08.066Z [INFO]: New client connected: mA_lm3V0WcFKZQcwAAAB
2025-01-08T18:59:19.293Z [INFO]: Client disconnected: mA_lm3V0WcFKZQcwAAAB
2025-01-08T18:59:19.463Z [INFO]: New client connected: qVswEDVM1bsV4sB-AAAD
2025-01-08T18:59:33.330Z [INFO]: Server is running on http://localhost:3000
2025-01-08T19:02:51.862Z [INFO]: New client connected: mZ5ucHg5fbovyBDsAAAB
2025-01-08T19:03:04.904Z [INFO]: Generated token for peerId 530e60eb-d7d0-4a98-afd0-c0dffd6e866b: pcd8cc56z5f
2025-01-08T19:10:30.445Z [INFO]: Client disconnected: mZ5ucHg5fbovyBDsAAAB
2025-01-08T19:10:31.864Z [INFO]: New client connected: 3Azb_MHLvcsw3aGdAAAD
